
Lmod is automatically replacing "intel/2020.1.217" with "gcc/9.3.0".


Due to MODULEPATH changes, the following have been reloaded:
  1) libfabric/1.10.1     2) openmpi/4.0.3     3) ucx/1.8.0

FileExistsError: [Errno 17] File exists: '/cvmfs/soft.computecanada.ca/easybuild/software/2020/avx2/Core/python/3.10.2/bin/python3.10' -> '/scratch/deep1401/debiasing_language_models/ENV/bin/python'
Traceback (most recent call last):
  File "/scratch/deep1401/debiasing_language_models/ENV/bin/pip", line 5, in <module>
  File "/scratch/deep1401/debiasing_language_models/ENV/lib/python3.10/site-packages/pip/_internal/cli/main.py", line 9, in <module>
    from pip._internal.cli.autocompletion import autocomplete
  File "/scratch/deep1401/debiasing_language_models/ENV/lib/python3.10/site-packages/pip/_internal/cli/autocompletion.py", line 10, in <module>
    from pip._internal.cli.main_parser import create_main_parser
  File "/scratch/deep1401/debiasing_language_models/ENV/lib/python3.10/site-packages/pip/_internal/cli/main_parser.py", line 9, in <module>
    from pip._internal.build_env import get_runnable_pip
  File "/scratch/deep1401/debiasing_language_models/ENV/lib/python3.10/site-packages/pip/_internal/build_env.py", line 15, in <module>
ModuleNotFoundError: No module named 'pip._vendor.certifi'
/var/spool/slurmd/job62024555/slurm_script: line 14: /scratch/deep1401/debiasing_language_models/ENV/bin/pip: No such file or directory
gender
4000
0.02
Bias Type: gender
Debias Size: 4000
LM CNN Fraction: 0.02
{'OUTPUT_PATH': '../models/gender/new_debsize_4000/lm_0.02/', 'DOWNSTREAM_OUTPUT_PATH': '../models/downstream/gender/new_debsize_4000/lm_0.02/', 'MODEL': 'distilbert-base-uncased', 'TRAIN_EPOCHS': 30, 'VAL_EPOCHS': 1, 'LEARNING_RATE': 0.0001, 'MAX_SOURCE_TEXT_LENGTH': 64, 'MAX_TARGET_TEXT_LENGTH': 32, 'EARLY_STOPPING_PATIENCE': 3, 'BATCH_SIZE': 64, 'WORD_LIST': '../word_lists/gender.csv'}
{'OUTPUT_PATH': '../models/gender/new_debsize_4000/lm_0.02/', 'DOWNSTREAM_OUTPUT_PATH': '../models/downstream/gender/new_debsize_4000/lm_0.02/', 'MODEL': 'distilbert-base-uncased', 'LM_TRAIN_EPOCHS': 50, 'LM_VAL_EPOCHS': 1, 'LEARNING_RATE': 0.0001, 'MAX_SOURCE_TEXT_LENGTH': 64, 'MAX_TARGET_TEXT_LENGTH': 32, 'EARLY_STOPPING_PATIENCE': 3, 'BATCH_SIZE': 64, 'WORD_LIST': '../word_lists/gender.csv', 'DOWNLOAD_CNN_DATA': True, 'CNN_DATA_PATH': '../data/cnn_dailmail_saved.pkl', 'MLM_PROBABILITY': 0.15}
Debias Model: True

LM Fine tune Model: True

INTERLEAVING EPOCH: 0
Starting Model debiasing...
Suppressed Words:[]
Train Dataset:1189
Val Dataset:200
DEBIAS SIZE > TRAIN SIZE. No need to run
