
Lmod is automatically replacing "intel/2020.1.217" with "gcc/9.3.0".


Due to MODULEPATH changes, the following have been reloaded:
  1) libfabric/1.10.1     2) openmpi/4.0.3     3) ucx/1.8.0

RuntimeError: failed to build image setuptools because:
Traceback (most recent call last):
  File "/cvmfs/soft.computecanada.ca/easybuild/software/2020/avx2/Core/python/3.10.2/lib/python3.10/site-packages/virtualenv/seed/embed/via_app_data/via_app_data.py", line 57, in _install
    installer.install(creator.interpreter.version_info)
  File "/cvmfs/soft.computecanada.ca/easybuild/software/2020/avx2/Core/python/3.10.2/lib/python3.10/site-packages/virtualenv/seed/embed/via_app_data/pip_install/base.py", line 39, in install
    self._sync(filename, into)
  File "/cvmfs/soft.computecanada.ca/easybuild/software/2020/avx2/Core/python/3.10.2/lib/python3.10/site-packages/virtualenv/seed/embed/via_app_data/pip_install/copy.py", line 13, in _sync
    copy(src, dst)
  File "/cvmfs/soft.computecanada.ca/easybuild/software/2020/avx2/Core/python/3.10.2/lib/python3.10/site-packages/virtualenv/util/path/_sync.py", line 52, in copy
    method(norm(src), norm(dest))
  File "/cvmfs/soft.computecanada.ca/easybuild/software/2020/avx2/Core/python/3.10.2/lib/python3.10/site-packages/virtualenv/util/path/_sync.py", line 63, in copytree
    shutil.copy(src_f, dest_f)
  File "/cvmfs/soft.computecanada.ca/easybuild/software/2020/avx2/Core/python/3.10.2/lib/python3.10/shutil.py", line 417, in copy
    copyfile(src, dst, follow_symlinks=follow_symlinks)
  File "/cvmfs/soft.computecanada.ca/easybuild/software/2020/avx2/Core/python/3.10.2/lib/python3.10/shutil.py", line 256, in copyfile
    with open(dst, 'wb') as fdst:
FileNotFoundError: [Errno 2] No such file or directory: '/scratch/deep1401/debiasing_language_models/ENV/lib/python3.10/site-packages/setuptools/_distutils/versionpredicate.py'

Looking in links: /cvmfs/soft.computecanada.ca/custom/python/wheelhouse/gentoo/avx2, /cvmfs/soft.computecanada.ca/custom/python/wheelhouse/gentoo/generic, /cvmfs/soft.computecanada.ca/custom/python/wheelhouse/generic
Requirement already satisfied: torch in ./ENV/lib/python3.10/site-packages (1.13.1+computecanada)
Requirement already satisfied: torchvision in ./ENV/lib/python3.10/site-packages (0.14.1+computecanada)
Requirement already satisfied: typing-extensions in /cvmfs/soft.computecanada.ca/easybuild/software/2020/avx2/Core/scipy-stack/2022a/lib/python3.10/site-packages (from torch) (4.0.1+computecanada)
Requirement already satisfied: requests in /cvmfs/soft.computecanada.ca/easybuild/software/2020/avx2/Core/scipy-stack/2022a/lib/python3.10/site-packages (from torchvision) (2.27.1+computecanada)
Requirement already satisfied: numpy in /cvmfs/soft.computecanada.ca/easybuild/software/2020/avx2/Core/scipy-stack/2022a/lib/python3.10/site-packages (from torchvision) (1.22.2+computecanada)
Requirement already satisfied: pillow-simd!=8.3.*,>=5.3.0 in ./ENV/lib/python3.10/site-packages (from torchvision) (9.0.0.post1+computecanada)
Requirement already satisfied: urllib3<1.27,>=1.21.1 in /cvmfs/soft.computecanada.ca/easybuild/software/2020/avx2/Core/scipy-stack/2022a/lib/python3.10/site-packages (from requests->torchvision) (1.26.8+computecanada)
Requirement already satisfied: charset-normalizer~=2.0.0 in /cvmfs/soft.computecanada.ca/easybuild/software/2020/avx2/Core/scipy-stack/2022a/lib/python3.10/site-packages (from requests->torchvision) (2.0.11+computecanada)
Requirement already satisfied: certifi>=2017.4.17 in /cvmfs/soft.computecanada.ca/easybuild/software/2020/avx2/Core/scipy-stack/2022a/lib/python3.10/site-packages (from requests->torchvision) (2021.10.8+computecanada)
Requirement already satisfied: idna<4,>=2.5 in /cvmfs/soft.computecanada.ca/easybuild/software/2020/avx2/Core/scipy-stack/2022a/lib/python3.10/site-packages (from requests->torchvision) (3.3+computecanada)
Traceback (most recent call last):
  File "/scratch/deep1401/debiasing_language_models/ENV/bin/pip", line 5, in <module>
    from pip._internal.cli.main import main
  File "/scratch/deep1401/debiasing_language_models/ENV/lib/python3.10/site-packages/pip/_internal/cli/main.py", line 9, in <module>
    from pip._internal.cli.autocompletion import autocomplete
  File "/scratch/deep1401/debiasing_language_models/ENV/lib/python3.10/site-packages/pip/_internal/cli/autocompletion.py", line 10, in <module>
    from pip._internal.cli.main_parser import create_main_parser
  File "/scratch/deep1401/debiasing_language_models/ENV/lib/python3.10/site-packages/pip/_internal/cli/main_parser.py", line 9, in <module>
    from pip._internal.build_env import get_runnable_pip
  File "/scratch/deep1401/debiasing_language_models/ENV/lib/python3.10/site-packages/pip/_internal/build_env.py", line 20, in <module>
    from pip._internal.cli.spinners import open_spinner
  File "/scratch/deep1401/debiasing_language_models/ENV/lib/python3.10/site-packages/pip/_internal/cli/spinners.py", line 9, in <module>
    from pip._internal.utils.logging import get_indentation
  File "/scratch/deep1401/debiasing_language_models/ENV/lib/python3.10/site-packages/pip/_internal/utils/logging.py", line 29, in <module>
    from pip._internal.utils.misc import ensure_dir
  File "/scratch/deep1401/debiasing_language_models/ENV/lib/python3.10/site-packages/pip/_internal/utils/misc.py", line 41, in <module>
    from pip._internal.exceptions import CommandError
  File "/scratch/deep1401/debiasing_language_models/ENV/lib/python3.10/site-packages/pip/_internal/exceptions.py", line 13, in <module>
    from pip._vendor.requests.models import Request, Response
  File "/scratch/deep1401/debiasing_language_models/ENV/lib/python3.10/site-packages/pip/_vendor/requests/__init__.py", line 43, in <module>
    from pip._vendor import urllib3
  File "/scratch/deep1401/debiasing_language_models/ENV/lib/python3.10/site-packages/pip/_vendor/urllib3/__init__.py", line 13, in <module>
  File "/scratch/deep1401/debiasing_language_models/ENV/lib/python3.10/site-packages/pip/_vendor/urllib3/connectionpool.py", line 39, in <module>
    from .request import RequestMethods
ImportError: cannot import name 'RequestMethods' from 'pip._vendor.urllib3.request' (/scratch/deep1401/debiasing_language_models/ENV/lib/python3.10/site-packages/pip/_vendor/urllib3/request.py)
gender
2000
0.01
Bias Type: gender
Debias Size: 2000
LM CNN Fraction: 0.01
{'OUTPUT_PATH': '../models/gender/new_debsize_2000/lm_0.01/', 'DOWNSTREAM_OUTPUT_PATH': '../models/downstream/gender/new_debsize_2000/lm_0.01/', 'MODEL': 'distilbert-base-uncased', 'TRAIN_EPOCHS': 30, 'VAL_EPOCHS': 1, 'LEARNING_RATE': 0.0001, 'MAX_SOURCE_TEXT_LENGTH': 64, 'MAX_TARGET_TEXT_LENGTH': 32, 'EARLY_STOPPING_PATIENCE': 3, 'BATCH_SIZE': 64, 'WORD_LIST': '../word_lists/gender.csv'}
{'OUTPUT_PATH': '../models/gender/new_debsize_2000/lm_0.01/', 'DOWNSTREAM_OUTPUT_PATH': '../models/downstream/gender/new_debsize_2000/lm_0.01/', 'MODEL': 'distilbert-base-uncased', 'LM_TRAIN_EPOCHS': 50, 'LM_VAL_EPOCHS': 1, 'LEARNING_RATE': 0.0001, 'MAX_SOURCE_TEXT_LENGTH': 64, 'MAX_TARGET_TEXT_LENGTH': 32, 'EARLY_STOPPING_PATIENCE': 3, 'BATCH_SIZE': 64, 'WORD_LIST': '../word_lists/gender.csv', 'DOWNLOAD_CNN_DATA': True, 'CNN_DATA_PATH': '../data/cnn_dailmail_saved.pkl', 'MLM_PROBABILITY': 0.15}
Debias Model: True

LM Fine tune Model: True

INTERLEAVING EPOCH: 0
Starting Model debiasing...
Suppressed Words:[]
Train Dataset:1189
Val Dataset:200
DEBIAS SIZE > TRAIN SIZE. No need to run
