
Lmod is automatically replacing "intel/2020.1.217" with "gcc/9.3.0".


Due to MODULEPATH changes, the following have been reloaded:
  1) libfabric/1.10.1     2) openmpi/4.0.3     3) ucx/1.8.0

created virtual environment CPython3.10.2.final.0-64 in 13112ms
  creator CPython3Posix(dest=/scratch/deep1401/debiasing_language_models/ENV, clear=False, no_vcs_ignore=False, global=False)
  seeder FromAppData(download=False, pip=bundle, setuptools=bundle, wheel=bundle, via=copy, app_data_dir=/home/deep1401/.local/share/virtualenv)
    added seed packages: Pillow_SIMD==9.0.0.post1+computecanada, PyYAML==6.0+computecanada, Pygments==2.14.0, aiohttp==3.8.1+computecanada, aiosignal==1.3.1, async_timeout==4.0.2+computecanada, colorama==0.4.6, datasets==2.8.0, dill==0.3.6+computecanada, filelock==3.9.0, frozenlist==1.3.0+computecanada, fsspec==2023.1.0, huggingface_hub==0.11.1+computecanada, joblib==1.2.0+computecanada, markdown_it_py==2.1.0+computecanada, mdurl==0.1.2, multidict==6.0.4+computecanada, multiprocess==0.70.14, pip==22.3.1, python_dateutil==2.8.2+computecanada, regex==2022.1.18+computecanada, responses==0.18.0+computecanada, rich==13.2.0, scikit_learn==1.1.2+computecanada, setuptools==67.1.0, six==1.16.0+computecanada, threadpoolctl==3.1.0+computecanada, tokenizers==0.12.1+computecanada, torch==1.13.1+computecanada, torchvision==0.14.1+computecanada, tqdm==4.64.1+computecanada, transformers==4.25.1, wheel==0.38.4+computecanada, xxhash==3.0.0+computecanada, yarl==1.7.2+computecanada
  activators BashActivator,CShellActivator,FishActivator,NushellActivator,PowerShellActivator,PythonActivator
Looking in links: /cvmfs/soft.computecanada.ca/custom/python/wheelhouse/gentoo/avx2, /cvmfs/soft.computecanada.ca/custom/python/wheelhouse/gentoo/generic, /cvmfs/soft.computecanada.ca/custom/python/wheelhouse/generic
Requirement already satisfied: torch in ./ENV/lib/python3.10/site-packages (1.13.1+computecanada)
Requirement already satisfied: torchvision in ./ENV/lib/python3.10/site-packages (0.14.1+computecanada)
Requirement already satisfied: typing-extensions in /cvmfs/soft.computecanada.ca/easybuild/software/2020/avx2/Core/scipy-stack/2022a/lib/python3.10/site-packages (from torch) (4.0.1+computecanada)
Requirement already satisfied: pillow-simd!=8.3.*,>=5.3.0 in ./ENV/lib/python3.10/site-packages (from torchvision) (9.0.0.post1+computecanada)
Requirement already satisfied: numpy in /cvmfs/soft.computecanada.ca/easybuild/software/2020/avx2/Core/scipy-stack/2022a/lib/python3.10/site-packages (from torchvision) (1.22.2+computecanada)
Requirement already satisfied: requests in /cvmfs/soft.computecanada.ca/easybuild/software/2020/avx2/Core/scipy-stack/2022a/lib/python3.10/site-packages (from torchvision) (2.27.1+computecanada)
Requirement already satisfied: charset-normalizer~=2.0.0 in /cvmfs/soft.computecanada.ca/easybuild/software/2020/avx2/Core/scipy-stack/2022a/lib/python3.10/site-packages (from requests->torchvision) (2.0.11+computecanada)
Requirement already satisfied: urllib3<1.27,>=1.21.1 in /cvmfs/soft.computecanada.ca/easybuild/software/2020/avx2/Core/scipy-stack/2022a/lib/python3.10/site-packages (from requests->torchvision) (1.26.8+computecanada)
Requirement already satisfied: certifi>=2017.4.17 in /cvmfs/soft.computecanada.ca/easybuild/software/2020/avx2/Core/scipy-stack/2022a/lib/python3.10/site-packages (from requests->torchvision) (2021.10.8+computecanada)
Requirement already satisfied: idna<4,>=2.5 in /cvmfs/soft.computecanada.ca/easybuild/software/2020/avx2/Core/scipy-stack/2022a/lib/python3.10/site-packages (from requests->torchvision) (3.3+computecanada)
Looking in links: /cvmfs/soft.computecanada.ca/custom/python/wheelhouse/gentoo/avx2, /cvmfs/soft.computecanada.ca/custom/python/wheelhouse/gentoo/generic, /cvmfs/soft.computecanada.ca/custom/python/wheelhouse/generic
Requirement already satisfied: datasets in ./ENV/lib/python3.10/site-packages (2.8.0)
Requirement already satisfied: transformers in ./ENV/lib/python3.10/site-packages (4.25.1)
Requirement already satisfied: rich in ./ENV/lib/python3.10/site-packages (13.2.0)
Requirement already satisfied: colorama in ./ENV/lib/python3.10/site-packages (0.4.6)
Requirement already satisfied: joblib in ./ENV/lib/python3.10/site-packages (1.2.0+computecanada)
Requirement already satisfied: scikit-learn in ./ENV/lib/python3.10/site-packages (1.1.2+computecanada)
Requirement already satisfied: xxhash in ./ENV/lib/python3.10/site-packages (from datasets) (3.0.0+computecanada)
Requirement already satisfied: dill<0.3.7 in ./ENV/lib/python3.10/site-packages (from datasets) (0.3.6+computecanada)
Requirement already satisfied: numpy>=1.17 in /cvmfs/soft.computecanada.ca/easybuild/software/2020/avx2/Core/scipy-stack/2022a/lib/python3.10/site-packages (from datasets) (1.22.2+computecanada)
Requirement already satisfied: tqdm>=4.62.1 in ./ENV/lib/python3.10/site-packages (from datasets) (4.64.1+computecanada)
Requirement already satisfied: pandas in /cvmfs/soft.computecanada.ca/easybuild/software/2020/avx2/Core/scipy-stack/2022a/lib/python3.10/site-packages (from datasets) (1.4.0+computecanada)
Requirement already satisfied: requests>=2.19.0 in /cvmfs/soft.computecanada.ca/easybuild/software/2020/avx2/Core/scipy-stack/2022a/lib/python3.10/site-packages (from datasets) (2.27.1+computecanada)
Requirement already satisfied: multiprocess in ./ENV/lib/python3.10/site-packages (from datasets) (0.70.14)
Requirement already satisfied: huggingface-hub<1.0.0,>=0.2.0 in ./ENV/lib/python3.10/site-packages (from datasets) (0.11.1+computecanada)
Requirement already satisfied: responses<0.19 in ./ENV/lib/python3.10/site-packages (from datasets) (0.18.0+computecanada)
Requirement already satisfied: fsspec[http]>=2021.11.1 in ./ENV/lib/python3.10/site-packages (from datasets) (2023.1.0)
Requirement already satisfied: pyyaml>=5.1 in ./ENV/lib/python3.10/site-packages (from datasets) (6.0+computecanada)
Requirement already satisfied: aiohttp in ./ENV/lib/python3.10/site-packages (from datasets) (3.8.1+computecanada)
Requirement already satisfied: pyarrow>=6.0.0 in /cvmfs/soft.computecanada.ca/easybuild/software/2020/avx2/CUDA/gcc9/cuda11.4/arrow/8.0.0/lib/python3.10/site-packages/pyarrow-8.0.0-py3.10-linux-x86_64.egg (from datasets) (8.0.0)
Requirement already satisfied: packaging in /cvmfs/soft.computecanada.ca/easybuild/software/2020/avx2/Core/scipy-stack/2022a/lib/python3.10/site-packages (from datasets) (21.3+computecanada)
Requirement already satisfied: regex!=2019.12.17 in ./ENV/lib/python3.10/site-packages (from transformers) (2022.1.18+computecanada)
Requirement already satisfied: tokenizers!=0.11.3,<0.14,>=0.11.1 in ./ENV/lib/python3.10/site-packages (from transformers) (0.12.1+computecanada)
Requirement already satisfied: filelock in ./ENV/lib/python3.10/site-packages (from transformers) (3.9.0)
Requirement already satisfied: pygments<3.0.0,>=2.6.0 in ./ENV/lib/python3.10/site-packages (from rich) (2.14.0)
Requirement already satisfied: markdown-it-py<3.0.0,>=2.1.0 in ./ENV/lib/python3.10/site-packages (from rich) (2.1.0+computecanada)
Requirement already satisfied: scipy>=1.3.2 in /cvmfs/soft.computecanada.ca/easybuild/software/2020/avx2/Core/scipy-stack/2022a/lib/python3.10/site-packages (from scikit-learn) (1.8.0+computecanada)
Requirement already satisfied: threadpoolctl>=2.0.0 in ./ENV/lib/python3.10/site-packages (from scikit-learn) (3.1.0+computecanada)
Requirement already satisfied: charset-normalizer<3.0,>=2.0 in /cvmfs/soft.computecanada.ca/easybuild/software/2020/avx2/Core/scipy-stack/2022a/lib/python3.10/site-packages (from aiohttp->datasets) (2.0.11+computecanada)
Requirement already satisfied: frozenlist>=1.1.1 in ./ENV/lib/python3.10/site-packages (from aiohttp->datasets) (1.3.0+computecanada)
Requirement already satisfied: async-timeout<5.0,>=4.0.0a3 in ./ENV/lib/python3.10/site-packages (from aiohttp->datasets) (4.0.2+computecanada)
Requirement already satisfied: aiosignal>=1.1.2 in ./ENV/lib/python3.10/site-packages (from aiohttp->datasets) (1.3.1)
Requirement already satisfied: attrs>=17.3.0 in /cvmfs/soft.computecanada.ca/easybuild/software/2020/avx2/Core/scipy-stack/2022a/lib/python3.10/site-packages (from aiohttp->datasets) (21.4.0+computecanada)
Requirement already satisfied: yarl<2.0,>=1.0 in ./ENV/lib/python3.10/site-packages (from aiohttp->datasets) (1.7.2+computecanada)
Requirement already satisfied: multidict<7.0,>=4.5 in ./ENV/lib/python3.10/site-packages (from aiohttp->datasets) (6.0.4+computecanada)
Requirement already satisfied: typing-extensions>=3.7.4.3 in /cvmfs/soft.computecanada.ca/easybuild/software/2020/avx2/Core/scipy-stack/2022a/lib/python3.10/site-packages (from huggingface-hub<1.0.0,>=0.2.0->datasets) (4.0.1+computecanada)
Requirement already satisfied: mdurl~=0.1 in ./ENV/lib/python3.10/site-packages (from markdown-it-py<3.0.0,>=2.1.0->rich) (0.1.2)
Requirement already satisfied: pyparsing!=3.0.5,>=2.0.2 in /cvmfs/soft.computecanada.ca/easybuild/software/2020/avx2/Core/scipy-stack/2022a/lib/python3.10/site-packages (from packaging->datasets) (3.0.7+computecanada)
Requirement already satisfied: idna<4,>=2.5 in /cvmfs/soft.computecanada.ca/easybuild/software/2020/avx2/Core/scipy-stack/2022a/lib/python3.10/site-packages (from requests>=2.19.0->datasets) (3.3+computecanada)
Requirement already satisfied: certifi>=2017.4.17 in /cvmfs/soft.computecanada.ca/easybuild/software/2020/avx2/Core/scipy-stack/2022a/lib/python3.10/site-packages (from requests>=2.19.0->datasets) (2021.10.8+computecanada)
Requirement already satisfied: urllib3<1.27,>=1.21.1 in /cvmfs/soft.computecanada.ca/easybuild/software/2020/avx2/Core/scipy-stack/2022a/lib/python3.10/site-packages (from requests>=2.19.0->datasets) (1.26.8+computecanada)
Requirement already satisfied: pytz>=2020.1 in /cvmfs/soft.computecanada.ca/easybuild/software/2020/avx2/Core/scipy-stack/2022a/lib/python3.10/site-packages (from pandas->datasets) (2021.3+computecanada)
Requirement already satisfied: python-dateutil>=2.8.1 in ./ENV/lib/python3.10/site-packages (from pandas->datasets) (2.8.2+computecanada)
Requirement already satisfied: six>=1.5 in ./ENV/lib/python3.10/site-packages (from python-dateutil>=2.8.1->pandas->datasets) (1.16.0+computecanada)
gender
2000
0.16
Bias Type: gender
Debias Size: 2000
LM CNN Fraction: 0.16
{'OUTPUT_PATH': '../models/gender/new_debsize_2000/lm_0.16/', 'DOWNSTREAM_OUTPUT_PATH': '../models/downstream/gender/new_debsize_2000/lm_0.16/', 'MODEL': 'distilbert-base-uncased', 'TRAIN_EPOCHS': 30, 'VAL_EPOCHS': 1, 'LEARNING_RATE': 0.0001, 'MAX_SOURCE_TEXT_LENGTH': 64, 'MAX_TARGET_TEXT_LENGTH': 32, 'EARLY_STOPPING_PATIENCE': 3, 'BATCH_SIZE': 64, 'WORD_LIST': '../word_lists/gender.csv'}
{'OUTPUT_PATH': '../models/gender/new_debsize_2000/lm_0.16/', 'DOWNSTREAM_OUTPUT_PATH': '../models/downstream/gender/new_debsize_2000/lm_0.16/', 'MODEL': 'distilbert-base-uncased', 'LM_TRAIN_EPOCHS': 50, 'LM_VAL_EPOCHS': 1, 'LEARNING_RATE': 0.0001, 'MAX_SOURCE_TEXT_LENGTH': 64, 'MAX_TARGET_TEXT_LENGTH': 32, 'EARLY_STOPPING_PATIENCE': 3, 'BATCH_SIZE': 64, 'WORD_LIST': '../word_lists/gender.csv', 'DOWNLOAD_CNN_DATA': True, 'CNN_DATA_PATH': '../data/cnn_dailmail_saved.pkl', 'MLM_PROBABILITY': 0.15}
Debias Model: True

LM Fine tune Model: True

INTERLEAVING EPOCH: 0
Starting Model debiasing...
DEBIAS SIZE > TRAIN SIZE. No need to run
