
Lmod is automatically replacing "intel/2020.1.217" with "gcc/9.3.0".


Due to MODULEPATH changes, the following have been reloaded:
  1) libfabric/1.10.1     2) openmpi/4.0.3     3) ucx/1.8.0

FileExistsError: [Errno 17] File exists: '/cvmfs/soft.computecanada.ca/easybuild/software/2020/avx2/Core/python/3.10.2/bin/python3.10' -> '/scratch/deep1401/debiasing_language_models/ENV/bin/python'
/scratch/deep1401/debiasing_language_models/ENV/bin/python: can't open file '/scratch/deep1401/debiasing_language_models/ENV/bin/pip': [Errno 2] No such file or directory
/var/spool/slurmd/job62136496/slurm_script: line 14: /scratch/deep1401/debiasing_language_models/ENV/bin/pip: No such file or directory
gender
4000
0.01
Bias Type: gender
Debias Size: 4000
LM CNN Fraction: 0.01
{'OUTPUT_PATH': '../models/gender/new_debsize_4000/lm_0.01/', 'DOWNSTREAM_OUTPUT_PATH': '../models/downstream/gender/new_debsize_4000/lm_0.01/', 'MODEL': 'distilbert-base-uncased', 'TRAIN_EPOCHS': 30, 'VAL_EPOCHS': 1, 'LEARNING_RATE': 0.0001, 'MAX_SOURCE_TEXT_LENGTH': 64, 'MAX_TARGET_TEXT_LENGTH': 32, 'EARLY_STOPPING_PATIENCE': 3, 'BATCH_SIZE': 64, 'WORD_LIST': '../word_lists/gender.csv'}
{'OUTPUT_PATH': '../models/gender/new_debsize_4000/lm_0.01/', 'DOWNSTREAM_OUTPUT_PATH': '../models/downstream/gender/new_debsize_4000/lm_0.01/', 'MODEL': 'distilbert-base-uncased', 'LM_TRAIN_EPOCHS': 50, 'LM_VAL_EPOCHS': 1, 'LEARNING_RATE': 0.0001, 'MAX_SOURCE_TEXT_LENGTH': 64, 'MAX_TARGET_TEXT_LENGTH': 32, 'EARLY_STOPPING_PATIENCE': 3, 'BATCH_SIZE': 64, 'WORD_LIST': '../word_lists/gender.csv', 'DOWNLOAD_CNN_DATA': True, 'CNN_DATA_PATH': '../data/cnn_dailmail_saved.pkl', 'MLM_PROBABILITY': 0.15}
Debias Model: True

LM Fine tune Model: True

NO INTERLEAVING
Starting Model debiasing...
Suppressed Words:[]
Train Dataset:1189
Val Dataset:200
DEBIAS SIZE > TRAIN SIZE. No need to run
