
Lmod is automatically replacing "intel/2020.1.217" with "gcc/9.3.0".


Due to MODULEPATH changes, the following have been reloaded:
  1) libfabric/1.10.1     2) openmpi/4.0.3     3) ucx/1.8.0

FileExistsError: [Errno 17] File exists: 'python' -> '/scratch/deep1401/debiasing_language_models/ENV/bin/python3.10'
Error processing line 1 of /scratch/deep1401/debiasing_language_models/ENV/lib/python3.10/site-packages/distutils-precedence.pth:

  Traceback (most recent call last):
    File "/cvmfs/soft.computecanada.ca/easybuild/software/2020/avx2/Core/python/3.10.2/lib/python3.10/site.py", line 186, in addpackage
      exec(line)
    File "<string>", line 1, in <module>
  ModuleNotFoundError: No module named '_distutils_hack'

Remainder of file ignored
/scratch/deep1401/debiasing_language_models/ENV/bin/python: can't open file '/scratch/deep1401/debiasing_language_models/ENV/bin/pip': [Errno 2] No such file or directory
/var/spool/slurmd/job60701355/slurm_script: line 14: /scratch/deep1401/debiasing_language_models/ENV/bin/pip: No such file or directory
gender
8000
0.32
Bias Type: gender
Debias Size: 8000
LM CNN Fraction: 0.32
{'OUTPUT_PATH': '../models/gender/new_debsize_8000/lm_0.32/', 'DOWNSTREAM_OUTPUT_PATH': '../models/downstream/gender/new_debsize_8000/lm_0.32/', 'MODEL': 'distilbert-base-uncased', 'TRAIN_EPOCHS': 30, 'VAL_EPOCHS': 1, 'LEARNING_RATE': 0.0001, 'MAX_SOURCE_TEXT_LENGTH': 64, 'MAX_TARGET_TEXT_LENGTH': 32, 'EARLY_STOPPING_PATIENCE': 3, 'BATCH_SIZE': 64, 'WORD_LIST': '../word_lists/gender.csv'}
{'OUTPUT_PATH': '../models/gender/new_debsize_8000/lm_0.32/', 'DOWNSTREAM_OUTPUT_PATH': '../models/downstream/gender/new_debsize_8000/lm_0.32/', 'MODEL': 'distilbert-base-uncased', 'LM_TRAIN_EPOCHS': 50, 'LM_VAL_EPOCHS': 1, 'LEARNING_RATE': 0.0001, 'MAX_SOURCE_TEXT_LENGTH': 64, 'MAX_TARGET_TEXT_LENGTH': 32, 'EARLY_STOPPING_PATIENCE': 3, 'BATCH_SIZE': 64, 'WORD_LIST': '../word_lists/gender.csv', 'DOWNLOAD_CNN_DATA': True, 'CNN_DATA_PATH': '../data/cnn_dailmail_saved.pkl', 'MLM_PROBABILITY': 0.15}
Debias Model: True

LM Fine tune Model: True

INTERLEAVING EPOCH: 0
Starting Model debiasing...
DEBIAS SIZE > TRAIN SIZE. No need to run
