
Lmod is automatically replacing "intel/2020.1.217" with "gcc/9.3.0".


Due to MODULEPATH changes, the following have been reloaded:
  1) libfabric/1.10.1     2) openmpi/4.0.3     3) ucx/1.8.0

FileNotFoundError: [Errno 2] No such file or directory: '/scratch/deep1401/debiasing_language_models/ENV/bin/python'
Traceback (most recent call last):
  File "/scratch/deep1401/debiasing_language_models/ENV/bin/pip", line 5, in <module>
  File "/scratch/deep1401/debiasing_language_models/ENV/lib/python3.10/site-packages/pip/_internal/cli/main.py", line 9, in <module>
ModuleNotFoundError: No module named 'pip._internal.cli.autocompletion'
/var/spool/slurmd/job57812327/slurm_script: line 14: /scratch/deep1401/debiasing_language_models/ENV/bin/pip: No such file or directory
gender
8000
0.04
Bias Type: gender
Debias Size: 8000
LM CNN Fraction: 0.04
{'OUTPUT_PATH': '../models/gender/new_debsize_8000/lm_0.04/', 'DOWNSTREAM_OUTPUT_PATH': '../models/downstream/gender/new_debsize_8000/lm_0.04/', 'MODEL': 'roberta-base', 'TRAIN_EPOCHS': 30, 'VAL_EPOCHS': 1, 'LEARNING_RATE': 0.0001, 'MAX_SOURCE_TEXT_LENGTH': 64, 'MAX_TARGET_TEXT_LENGTH': 32, 'EARLY_STOPPING_PATIENCE': 3, 'BATCH_SIZE': 64, 'WORD_LIST': '../word_lists/gender.csv'}
{'OUTPUT_PATH': '../models/gender/new_debsize_8000/lm_0.04/', 'DOWNSTREAM_OUTPUT_PATH': '../models/downstream/gender/new_debsize_8000/lm_0.04/', 'MODEL': 'roberta-base', 'LM_TRAIN_EPOCHS': 30, 'LM_VAL_EPOCHS': 1, 'LEARNING_RATE': 0.0001, 'MAX_SOURCE_TEXT_LENGTH': 64, 'MAX_TARGET_TEXT_LENGTH': 32, 'EARLY_STOPPING_PATIENCE': 3, 'BATCH_SIZE': 64, 'WORD_LIST': '../word_lists/gender.csv', 'DOWNLOAD_CNN_DATA': True, 'CNN_DATA_PATH': '../data/cnn_dailmail_saved.pkl', 'MLM_PROBABILITY': 0.15}
Debias Model: True

LM Fine tune Model: True

INTERLEAVING EPOCH: 0
Starting Model debiasing...
DEBIAS SIZE > TRAIN SIZE. No need to run
